1580318268.212023 client started (67056): version 2.6, socket /tmp/tmux-1000/default, protocol 8
1580318268.212040 on Linux 4.15.0-72-generic #81-Ubuntu SMP Tue Nov 26 12:20:02 UTC 2019; libevent 2.1.8-stable (poll)
1580318268.212057 socket is /tmp/tmux-1000/default
1580318268.212065 trying connect
1580318268.212188 add peer 0x56357c6ba630: 6 ((nil))
1580318268.212236 sending message 100 to peer 0x56357c6ba630 (4 bytes)
1580318268.212241 sending message 101 to peer 0x56357c6ba630 (7 bytes)
1580318268.212243 sending message 102 to peer 0x56357c6ba630 (11 bytes)
1580318268.212245 sending message 108 to peer 0x56357c6ba630 (29 bytes)
1580318268.212248 sending message 104 to peer 0x56357c6ba630 (0 bytes)
1580318268.212251 sending message 107 to peer 0x56357c6ba630 (4 bytes)
1580318268.212254 sending message 105 to peer 0x56357c6ba630 (19 bytes)
1580318268.212256 sending message 105 to peer 0x56357c6ba630 (23 bytes)
1580318268.212258 sending message 105 to peer 0x56357c6ba630 (19 bytes)
1580318268.212260 sending message 105 to peer 0x56357c6ba630 (17 bytes)
1580318268.212262 sending message 105 to peer 0x56357c6ba630 (23 bytes)
1580318268.212266 sending message 105 to peer 0x56357c6ba630 (30 bytes)
1580318268.212269 sending message 105 to peer 0x56357c6ba630 (27 bytes)
1580318268.212271 sending message 105 to peer 0x56357c6ba630 (24 bytes)
1580318268.212273 sending message 105 to peer 0x56357c6ba630 (20 bytes)
1580318268.212275 sending message 105 to peer 0x56357c6ba630 (23 bytes)
1580318268.212277 sending message 105 to peer 0x56357c6ba630 (21 bytes)
1580318268.212279 sending message 105 to peer 0x56357c6ba630 (25 bytes)
1580318268.212281 sending message 105 to peer 0x56357c6ba630 (20 bytes)
1580318268.212283 sending message 105 to peer 0x56357c6ba630 (36 bytes)
1580318268.212286 sending message 105 to peer 0x56357c6ba630 (16 bytes)
1580318268.212288 sending message 105 to peer 0x56357c6ba630 (32 bytes)
1580318268.212290 sending message 105 to peer 0x56357c6ba630 (1516 bytes)
1580318268.212296 sending message 105 to peer 0x56357c6ba630 (23 bytes)
1580318268.212299 sending message 105 to peer 0x56357c6ba630 (31 bytes)
1580318268.212301 sending message 105 to peer 0x56357c6ba630 (11 bytes)
1580318268.212304 sending message 105 to peer 0x56357c6ba630 (94 bytes)
1580318268.212306 sending message 105 to peer 0x56357c6ba630 (33 bytes)
1580318268.212308 sending message 105 to peer 0x56357c6ba630 (15 bytes)
1580318268.212310 sending message 105 to peer 0x56357c6ba630 (8 bytes)
1580318268.212313 sending message 105 to peer 0x56357c6ba630 (46 bytes)
1580318268.212315 sending message 105 to peer 0x56357c6ba630 (33 bytes)
1580318268.212317 sending message 105 to peer 0x56357c6ba630 (50 bytes)
1580318268.212319 sending message 105 to peer 0x56357c6ba630 (19 bytes)
1580318268.212322 sending message 105 to peer 0x56357c6ba630 (12 bytes)
1580318268.212324 sending message 105 to peer 0x56357c6ba630 (36 bytes)
1580318268.212326 sending message 105 to peer 0x56357c6ba630 (13 bytes)
1580318268.212329 sending message 105 to peer 0x56357c6ba630 (13 bytes)
1580318268.212331 sending message 105 to peer 0x56357c6ba630 (31 bytes)
1580318268.212333 sending message 105 to peer 0x56357c6ba630 (18 bytes)
1580318268.212336 sending message 105 to peer 0x56357c6ba630 (29 bytes)
1580318268.212338 sending message 105 to peer 0x56357c6ba630 (16 bytes)
1580318268.212340 sending message 105 to peer 0x56357c6ba630 (16 bytes)
1580318268.212343 sending message 106 to peer 0x56357c6ba630 (0 bytes)
1580318268.212347 sending message 200 to peer 0x56357c6ba630 (4 bytes)
1580318268.212349 client loop enter
1580318268.212619 peer 0x56357c6ba630 message 211
1580318268.215653 peer 0x56357c6ba630 message 203
1580318268.215675 client loop exit
